2024-05-31 09:24:47,652 - input:w_tpw
2024-05-31 09:24:47,671 - d_in=5, d_out=3, d_block=128, d_hidden=64, n_block_l=3, n_block_h=2, act=sigmoid, skip=True,
2024-05-31 09:24:47,671 - opt=adamw, lr=0.001, scheduler=plateau, weight_decay=0.01, num_epochs=500, patience=10, w1=5, w2=1, seed=0, save_path=model/res_mlp/model_w_tpw_w_noise_202405310924.pt,
2024-05-31 09:28:02,280 - Epoch [1/500], train:3.1049, 1.3604, 0.6226 | val:0.6692, 0.2665, 0.3047
2024-05-31 09:31:19,697 - Epoch [2/500], train:0.5435, 0.2031, 0.2988 | val:0.3882, 0.1173, 0.2862
2024-05-31 09:34:52,597 - Epoch [3/500], train:0.3860, 0.1186, 0.2806 | val:0.3989, 0.1286, 0.2765
2024-05-31 09:38:23,467 - Epoch [4/500], train:0.3555, 0.1018, 0.2731 | val:0.3792, 0.1083, 0.2918
2024-05-31 09:41:45,084 - Epoch [5/500], train:0.3477, 0.0972, 0.2715 | val:0.3397, 0.0928, 0.2689
2024-05-31 09:45:07,600 - Epoch [6/500], train:0.3431, 0.0946, 0.2702 | val:0.3372, 0.0902, 0.2703
2024-05-31 09:48:10,466 - Epoch [7/500], train:0.3404, 0.0931, 0.2693 | val:0.3385, 0.0927, 0.2677
2024-05-31 09:51:19,620 - Epoch [8/500], train:0.3392, 0.0924, 0.2689 | val:0.3325, 0.0892, 0.2660
2024-05-31 09:54:32,010 - Epoch [9/500], train:0.3371, 0.0913, 0.2683 | val:0.3392, 0.0918, 0.2700
2024-05-31 09:57:56,661 - Epoch [10/500], train:0.3367, 0.0912, 0.2680 | val:0.3324, 0.0893, 0.2657
2024-05-31 10:01:18,346 - Epoch [11/500], train:0.3359, 0.0907, 0.2677 | val:0.3335, 0.0907, 0.2648
2024-05-31 10:04:35,564 - Epoch [12/500], train:0.3350, 0.0903, 0.2674 | val:0.3390, 0.0929, 0.2679
2024-05-31 10:08:00,143 - Epoch [13/500], train:0.3344, 0.0900, 0.2672 | val:0.3312, 0.0885, 0.2655
2024-05-31 10:11:26,147 - Epoch [14/500], train:0.3344, 0.0900, 0.2670 | val:0.3304, 0.0883, 0.2650
2024-05-31 10:14:48,960 - Epoch [15/500], train:0.3336, 0.0896, 0.2668 | val:0.3282, 0.0865, 0.2651
2024-05-31 10:18:13,303 - Epoch [16/500], train:0.3333, 0.0895, 0.2666 | val:0.3287, 0.0875, 0.2641
2024-05-31 10:21:34,815 - Epoch [17/500], train:0.3328, 0.0892, 0.2664 | val:0.3376, 0.0918, 0.2680
2024-05-31 10:24:39,323 - Epoch [18/500], train:0.3324, 0.0890, 0.2662 | val:0.3313, 0.0888, 0.2652
2024-05-31 10:28:12,855 - Epoch [19/500], train:0.3324, 0.0891, 0.2661 | val:0.3310, 0.0869, 0.2679
2024-05-31 10:31:41,922 - Epoch [20/500], train:0.3323, 0.0891, 0.2659 | val:0.3261, 0.0855, 0.2642
2024-05-31 10:35:09,603 - Epoch [21/500], train:0.3317, 0.0888, 0.2657 | val:0.3298, 0.0878, 0.2650
2024-05-31 10:38:08,870 - Epoch [22/500], train:0.3316, 0.0888, 0.2656 | val:0.3424, 0.0924, 0.2729
2024-05-31 10:41:04,639 - Epoch [23/500], train:0.3313, 0.0886, 0.2655 | val:0.3247, 0.0847, 0.2637
2024-05-31 10:44:17,284 - Epoch [24/500], train:0.3315, 0.0887, 0.2656 | val:0.3256, 0.0851, 0.2641
2024-05-31 10:47:19,809 - Epoch [25/500], train:0.3310, 0.0885, 0.2654 | val:0.3269, 0.0856, 0.2650
2024-05-31 10:50:52,350 - Epoch [26/500], train:0.3311, 0.0886, 0.2654 | val:0.3441, 0.0957, 0.2695
2024-05-31 10:54:00,801 - Epoch [27/500], train:0.3306, 0.0883, 0.2651 | val:0.3325, 0.0895, 0.2655
2024-05-31 10:57:07,132 - Epoch [28/500], train:0.3305, 0.0883, 0.2650 | val:0.3354, 0.0928, 0.2635
2024-05-31 11:00:14,384 - Epoch [29/500], train:0.3307, 0.0884, 0.2651 | val:0.3332, 0.0916, 0.2628
2024-05-31 11:03:25,229 - Epoch [30/500], train:0.3224, 0.0841, 0.2620 | val:0.3223, 0.0839, 0.2621
2024-05-31 11:06:29,381 - Epoch [31/500], train:0.3226, 0.0842, 0.2619 | val:0.3229, 0.0841, 0.2625
2024-05-31 11:09:30,220 - Epoch [32/500], train:0.3224, 0.0841, 0.2619 | val:0.3229, 0.0841, 0.2624
2024-05-31 11:12:29,878 - Epoch [33/500], train:0.3224, 0.0841, 0.2618 | val:0.3232, 0.0847, 0.2619
2024-05-31 11:15:30,137 - Epoch [34/500], train:0.3224, 0.0841, 0.2618 | val:0.3223, 0.0839, 0.2620
2024-05-31 11:18:27,567 - Epoch [35/500], train:0.3223, 0.0841, 0.2617 | val:0.3231, 0.0841, 0.2627
2024-05-31 11:21:28,232 - Epoch [36/500], train:0.3223, 0.0841, 0.2617 | val:0.3222, 0.0837, 0.2622
2024-05-31 11:24:30,993 - Epoch [37/500], train:0.3222, 0.0841, 0.2617 | val:0.3218, 0.0837, 0.2618
2024-05-31 11:27:30,457 - Epoch [38/500], train:0.3222, 0.0841, 0.2617 | val:0.3219, 0.0836, 0.2620
2024-05-31 11:30:31,742 - Epoch [39/500], train:0.3222, 0.0840, 0.2617 | val:0.3223, 0.0837, 0.2623
2024-05-31 11:33:31,811 - Epoch [40/500], train:0.3222, 0.0840, 0.2617 | val:0.3224, 0.0838, 0.2623
2024-05-31 11:36:31,503 - Epoch [41/500], train:0.3221, 0.0840, 0.2616 | val:0.3230, 0.0844, 0.2621
2024-05-31 11:39:33,556 - Epoch [42/500], train:0.3221, 0.0840, 0.2616 | val:0.3222, 0.0837, 0.2623
2024-05-31 11:42:34,319 - Epoch [43/500], train:0.3221, 0.0840, 0.2616 | val:0.3229, 0.0844, 0.2620
2024-05-31 11:45:37,992 - Epoch [44/500], train:0.3211, 0.0836, 0.2612 | val:0.3215, 0.0835, 0.2618
2024-05-31 11:48:37,014 - Epoch [45/500], train:0.3211, 0.0836, 0.2612 | val:0.3216, 0.0835, 0.2618
2024-05-31 11:51:32,904 - Epoch [46/500], train:0.3211, 0.0836, 0.2612 | val:0.3215, 0.0835, 0.2617
2024-05-31 11:54:32,893 - Epoch [47/500], train:0.3211, 0.0836, 0.2612 | val:0.3217, 0.0836, 0.2618
2024-05-31 11:57:29,483 - Epoch [48/500], train:0.3211, 0.0836, 0.2611 | val:0.3216, 0.0835, 0.2617
2024-05-31 12:00:26,438 - Epoch [49/500], train:0.3211, 0.0836, 0.2611 | val:0.3216, 0.0835, 0.2618
2024-05-31 12:03:26,465 - Epoch [50/500], train:0.3211, 0.0836, 0.2611 | val:0.3215, 0.0835, 0.2617
2024-05-31 12:06:27,745 - Epoch [51/500], train:0.3211, 0.0836, 0.2611 | val:0.3216, 0.0835, 0.2618
2024-05-31 12:09:30,196 - Epoch [52/500], train:0.3211, 0.0836, 0.2611 | val:0.3216, 0.0835, 0.2618
2024-05-31 12:12:30,068 - Epoch [53/500], train:0.3211, 0.0836, 0.2611 | val:0.3215, 0.0835, 0.2617
2024-05-31 12:15:27,983 - Epoch [54/500], train:0.3211, 0.0835, 0.2611 | val:0.3217, 0.0835, 0.2619
2024-05-31 12:18:34,387 - Epoch [55/500], train:0.3211, 0.0836, 0.2611 | val:0.3215, 0.0835, 0.2617
2024-05-31 12:21:35,437 - Epoch [56/500], train:0.3211, 0.0835, 0.2611 | val:0.3215, 0.0835, 0.2617
2024-05-31 12:24:34,850 - Epoch [57/500], train:0.3211, 0.0835, 0.2611 | val:0.3216, 0.0835, 0.2618
2024-05-31 12:27:35,918 - Epoch [58/500], train:0.3211, 0.0835, 0.2611 | val:0.3215, 0.0835, 0.2617
2024-05-31 12:30:35,246 - Epoch [59/500], train:0.3211, 0.0835, 0.2611 | val:0.3217, 0.0836, 0.2618
2024-05-31 12:33:34,233 - Epoch [60/500], train:0.3211, 0.0835, 0.2611 | val:0.3215, 0.0835, 0.2617
2024-05-31 12:33:34,233 - Early stopping, best validation loss:0.3215
2024-05-31 14:40:43,453 - ==================================================
2025-01-23 21:58:26,249 - input:w_tpw
2025-01-23 21:58:28,759 - d_in=5, d_out=3, d_block=128, d_hidden=64, n_block_l=3, n_block_h=2, act=sigmoid, skip=False, 
2025-01-23 21:58:28,759 - opt=adamw, lr=0.001, scheduler=plateau, weight_decay=0.01, num_epochs=500, patience=10, w1=5, w2=1, seed=0, save_path=model/res_mlp/model_w_tpw_202501232158.pt, 
2025-01-23 22:00:29,437 - Epoch [1/500], train:8.1808, 3.5573, 1.9111 | val:0.7329, 0.2918, 0.3339
2025-01-23 22:02:12,018 - Epoch [2/500], train:0.6961, 0.2779, 0.3138 | val:0.6643, 0.2632, 0.3082
2025-01-23 22:04:07,057 - Epoch [3/500], train:0.6690, 0.2659, 0.3064 | val:0.6504, 0.2565, 0.3067
2025-01-23 22:06:18,804 - Epoch [4/500], train:0.6545, 0.2602, 0.2997 | val:0.6413, 0.2553, 0.2923
2025-01-23 22:07:41,760 - Epoch [5/500], train:0.6445, 0.2567, 0.2929 | val:0.6382, 0.2540, 0.2911
2025-01-23 22:09:01,289 - Epoch [6/500], train:0.6373, 0.2539, 0.2896 | val:0.6349, 0.2529, 0.2889
2025-01-23 22:10:17,553 - Epoch [7/500], train:0.6300, 0.2509, 0.2866 | val:0.5968, 0.2334, 0.2895
2025-01-23 22:11:37,607 - Epoch [8/500], train:0.4851, 0.1727, 0.2936 | val:0.4479, 0.1523, 0.2909
2025-01-23 22:12:57,062 - Epoch [9/500], train:0.4037, 0.1260, 0.2892 | val:0.3787, 0.1116, 0.2849
2025-01-23 22:14:15,725 - Epoch [10/500], train:0.3991, 0.1257, 0.2834 | val:0.3892, 0.1171, 0.2879
2025-01-23 22:15:37,302 - Epoch [11/500], train:0.3828, 0.1172, 0.2789 | val:0.3693, 0.1108, 0.2738
2025-01-23 22:16:58,179 - Epoch [12/500], train:0.3687, 0.1100, 0.2746 | val:0.3582, 0.1058, 0.2691
2025-01-23 22:18:13,531 - Epoch [13/500], train:0.3598, 0.1051, 0.2724 | val:0.3531, 0.1014, 0.2707
2025-01-23 22:19:36,917 - Epoch [14/500], train:0.3541, 0.1019, 0.2711 | val:0.3407, 0.0945, 0.2671
2025-01-23 22:20:57,851 - Epoch [15/500], train:0.3510, 0.1000, 0.2705 | val:0.3463, 0.0984, 0.2675
2025-01-23 22:22:19,399 - Epoch [16/500], train:0.3495, 0.0991, 0.2704 | val:0.3612, 0.1083, 0.2679
2025-01-23 22:23:42,358 - Epoch [17/500], train:0.3473, 0.0977, 0.2700 | val:0.3443, 0.0937, 0.2733
2025-01-23 22:25:05,326 - Epoch [18/500], train:0.3462, 0.0971, 0.2696 | val:0.3581, 0.1016, 0.2768
2025-01-23 22:26:26,546 - Epoch [19/500], train:0.3465, 0.0973, 0.2698 | val:0.3353, 0.0902, 0.2678
2025-01-23 22:27:49,328 - Epoch [20/500], train:0.3452, 0.0965, 0.2695 | val:0.3329, 0.0893, 0.2664
2025-01-23 22:29:11,106 - Epoch [21/500], train:0.3450, 0.0964, 0.2693 | val:0.3350, 0.0913, 0.2656
2025-01-23 22:30:29,936 - Epoch [22/500], train:0.3439, 0.0958, 0.2690 | val:0.3350, 0.0912, 0.2657
2025-01-23 22:31:51,906 - Epoch [23/500], train:0.3439, 0.0958, 0.2690 | val:0.3577, 0.1048, 0.2701
2025-01-23 22:33:13,969 - Epoch [24/500], train:0.3437, 0.0957, 0.2690 | val:0.3482, 0.1003, 0.2663
2025-01-23 22:34:33,458 - Epoch [25/500], train:0.3432, 0.0954, 0.2688 | val:0.3620, 0.1021, 0.2809
2025-01-23 22:35:55,030 - Epoch [26/500], train:0.3426, 0.0951, 0.2687 | val:0.3634, 0.1010, 0.2847
2025-01-23 22:37:16,401 - Epoch [27/500], train:0.3278, 0.0864, 0.2647 | val:0.3280, 0.0869, 0.2642
2025-01-23 22:38:38,741 - Epoch [28/500], train:0.3279, 0.0865, 0.2647 | val:0.3279, 0.0861, 0.2654
2025-01-23 22:39:59,511 - Epoch [29/500], train:0.3278, 0.0865, 0.2647 | val:0.3270, 0.0860, 0.2645
2025-01-23 22:41:21,634 - Epoch [30/500], train:0.3277, 0.0864, 0.2647 | val:0.3267, 0.0859, 0.2644
2025-01-23 22:42:40,603 - Epoch [31/500], train:0.3276, 0.0864, 0.2647 | val:0.3271, 0.0861, 0.2644
2025-01-23 22:44:01,662 - Epoch [32/500], train:0.3275, 0.0863, 0.2646 | val:0.3262, 0.0856, 0.2641
2025-01-23 22:45:23,035 - Epoch [33/500], train:0.3275, 0.0863, 0.2646 | val:0.3261, 0.0857, 0.2639
2025-01-23 22:46:41,730 - Epoch [34/500], train:0.3274, 0.0862, 0.2646 | val:0.3265, 0.0861, 0.2638
2025-01-23 22:48:01,755 - Epoch [35/500], train:0.3273, 0.0862, 0.2645 | val:0.3270, 0.0860, 0.2645
2025-01-23 22:49:23,154 - Epoch [36/500], train:0.3273, 0.0862, 0.2646 | val:0.3267, 0.0857, 0.2646
2025-01-23 22:50:41,450 - Epoch [37/500], train:0.3273, 0.0862, 0.2645 | val:0.3267, 0.0856, 0.2648
2025-01-23 22:52:01,125 - Epoch [38/500], train:0.3272, 0.0862, 0.2645 | val:0.3254, 0.0853, 0.2637
2025-01-23 22:53:22,625 - Epoch [39/500], train:0.3272, 0.0861, 0.2645 | val:0.3258, 0.0854, 0.2640
2025-01-23 22:54:39,930 - Epoch [40/500], train:0.3272, 0.0861, 0.2645 | val:0.3265, 0.0860, 0.2639
2025-01-23 22:56:01,925 - Epoch [41/500], train:0.3271, 0.0861, 0.2645 | val:0.3279, 0.0864, 0.2649
2025-01-23 22:57:24,388 - Epoch [42/500], train:0.3271, 0.0861, 0.2645 | val:0.3261, 0.0854, 0.2643
2025-01-23 22:58:41,776 - Epoch [43/500], train:0.3270, 0.0861, 0.2644 | val:0.3267, 0.0862, 0.2638
2025-01-23 23:00:01,185 - Epoch [44/500], train:0.3270, 0.0861, 0.2644 | val:0.3260, 0.0856, 0.2639
2025-01-23 23:01:23,332 - Epoch [45/500], train:0.3257, 0.0853, 0.2639 | val:0.3251, 0.0851, 0.2635
2025-01-23 23:02:43,461 - Epoch [46/500], train:0.3257, 0.0853, 0.2639 | val:0.3251, 0.0851, 0.2637
2025-01-23 23:04:02,880 - Epoch [47/500], train:0.3257, 0.0853, 0.2639 | val:0.3252, 0.0852, 0.2635
2025-01-23 23:05:23,925 - Epoch [48/500], train:0.3257, 0.0853, 0.2639 | val:0.3250, 0.0851, 0.2634
2025-01-23 23:06:41,557 - Epoch [49/500], train:0.3257, 0.0853, 0.2639 | val:0.3253, 0.0852, 0.2637
2025-01-23 23:08:00,668 - Epoch [50/500], train:0.3257, 0.0853, 0.2639 | val:0.3249, 0.0850, 0.2635
2025-01-23 23:09:21,940 - Epoch [51/500], train:0.3257, 0.0853, 0.2639 | val:0.3251, 0.0851, 0.2636
2025-01-23 23:10:40,968 - Epoch [52/500], train:0.3257, 0.0853, 0.2639 | val:0.3250, 0.0851, 0.2636
2025-01-23 23:12:02,171 - Epoch [53/500], train:0.3256, 0.0853, 0.2639 | val:0.3250, 0.0850, 0.2635
2025-01-23 23:13:23,915 - Epoch [54/500], train:0.3256, 0.0853, 0.2639 | val:0.3251, 0.0851, 0.2636
2025-01-23 23:14:41,890 - Epoch [55/500], train:0.3256, 0.0853, 0.2639 | val:0.3249, 0.0850, 0.2634
2025-01-23 23:16:02,041 - Epoch [56/500], train:0.3256, 0.0853, 0.2639 | val:0.3250, 0.0851, 0.2635
2025-01-23 23:17:24,139 - Epoch [57/500], train:0.3256, 0.0853, 0.2639 | val:0.3251, 0.0851, 0.2636
2025-01-23 23:18:41,440 - Epoch [58/500], train:0.3256, 0.0853, 0.2639 | val:0.3250, 0.0851, 0.2635
2025-01-23 23:20:05,003 - Epoch [59/500], train:0.3256, 0.0853, 0.2639 | val:0.3250, 0.0851, 0.2635
2025-01-23 23:21:27,161 - Epoch [60/500], train:0.3256, 0.0853, 0.2639 | val:0.3250, 0.0851, 0.2635
2025-01-23 23:22:44,769 - Epoch [61/500], train:0.3256, 0.0853, 0.2639 | val:0.3249, 0.0850, 0.2634
2025-01-23 23:24:03,958 - Epoch [62/500], train:0.3256, 0.0853, 0.2639 | val:0.3249, 0.0850, 0.2634
2025-01-23 23:25:25,882 - Epoch [63/500], train:0.3256, 0.0853, 0.2639 | val:0.3252, 0.0852, 0.2635
2025-01-23 23:26:43,880 - Epoch [64/500], train:0.3256, 0.0853, 0.2639 | val:0.3250, 0.0851, 0.2635
2025-01-23 23:28:04,260 - Epoch [65/500], train:0.3256, 0.0853, 0.2639 | val:0.3248, 0.0850, 0.2635
2025-01-23 23:29:26,483 - Epoch [66/500], train:0.3256, 0.0853, 0.2639 | val:0.3249, 0.0850, 0.2635
2025-01-23 23:30:44,224 - Epoch [67/500], train:0.3256, 0.0853, 0.2639 | val:0.3248, 0.0850, 0.2634
2025-01-23 23:32:06,730 - Epoch [68/500], train:0.3256, 0.0853, 0.2639 | val:0.3250, 0.0851, 0.2634
2025-01-23 23:33:28,473 - Epoch [69/500], train:0.3256, 0.0853, 0.2639 | val:0.3248, 0.0850, 0.2634
2025-01-23 23:34:46,069 - Epoch [70/500], train:0.3256, 0.0853, 0.2639 | val:0.3249, 0.0851, 0.2634
2025-01-23 23:36:09,063 - Epoch [71/500], train:0.3255, 0.0853, 0.2639 | val:0.3249, 0.0850, 0.2635
2025-01-23 23:37:31,469 - Epoch [72/500], train:0.3255, 0.0853, 0.2639 | val:0.3250, 0.0851, 0.2634
2025-01-23 23:38:50,443 - Epoch [73/500], train:0.3255, 0.0853, 0.2639 | val:0.3250, 0.0850, 0.2636
2025-01-23 23:40:09,424 - Epoch [74/500], train:0.3255, 0.0852, 0.2639 | val:0.3248, 0.0850, 0.2634
2025-01-23 23:41:31,003 - Epoch [75/500], train:0.3255, 0.0853, 0.2639 | val:0.3248, 0.0850, 0.2634
2025-01-23 23:42:50,714 - Epoch [76/500], train:0.3255, 0.0852, 0.2639 | val:0.3249, 0.0850, 0.2635
2025-01-23 23:44:09,109 - Epoch [77/500], train:0.3255, 0.0852, 0.2639 | val:0.3250, 0.0851, 0.2635
2025-01-23 23:45:31,293 - Epoch [78/500], train:0.3255, 0.0852, 0.2639 | val:0.3250, 0.0851, 0.2634
2025-01-23 23:46:49,674 - Epoch [79/500], train:0.3255, 0.0852, 0.2639 | val:0.3249, 0.0851, 0.2634
2025-01-23 23:48:09,269 - Epoch [80/500], train:0.3255, 0.0852, 0.2639 | val:0.3251, 0.0850, 0.2638
2025-01-23 23:49:30,837 - Epoch [81/500], train:0.3255, 0.0852, 0.2639 | val:0.3250, 0.0851, 0.2635
2025-01-23 23:50:49,337 - Epoch [82/500], train:0.3255, 0.0852, 0.2639 | val:0.3251, 0.0852, 0.2635
2025-01-23 23:52:07,811 - Epoch [83/500], train:0.3255, 0.0852, 0.2639 | val:0.3248, 0.0850, 0.2634
2025-01-23 23:53:29,494 - Epoch [84/500], train:0.3255, 0.0852, 0.2639 | val:0.3247, 0.0850, 0.2634
2025-01-23 23:54:47,908 - Epoch [85/500], train:0.3255, 0.0852, 0.2639 | val:0.3249, 0.0850, 0.2635
2025-01-23 23:56:06,926 - Epoch [86/500], train:0.3255, 0.0852, 0.2639 | val:0.3249, 0.0850, 0.2634
2025-01-23 23:57:29,577 - Epoch [87/500], train:0.3255, 0.0852, 0.2639 | val:0.3250, 0.0851, 0.2635
2025-01-23 23:58:47,421 - Epoch [88/500], train:0.3255, 0.0852, 0.2639 | val:0.3247, 0.0849, 0.2634
2025-01-24 00:00:07,221 - Epoch [89/500], train:0.3255, 0.0852, 0.2639 | val:0.3249, 0.0850, 0.2634
2025-01-24 00:01:28,405 - Epoch [90/500], train:0.3255, 0.0852, 0.2638 | val:0.3248, 0.0849, 0.2634
2025-01-24 00:02:46,377 - Epoch [91/500], train:0.3255, 0.0852, 0.2638 | val:0.3249, 0.0850, 0.2635
2025-01-24 00:04:06,959 - Epoch [92/500], train:0.3255, 0.0852, 0.2638 | val:0.3248, 0.0849, 0.2635
2025-01-24 00:05:29,109 - Epoch [93/500], train:0.3254, 0.0852, 0.2638 | val:0.3248, 0.0850, 0.2634
2025-01-24 00:06:47,507 - Epoch [94/500], train:0.3254, 0.0852, 0.2638 | val:0.3250, 0.0850, 0.2636
2025-01-24 00:06:47,507 - Early stopping, best validation loss:0.3247